\BOOKMARK [1][-]{section.1}{\376\377\176\374\217\360}{}% 1
\BOOKMARK [1][-]{section.2}{\376\377\173\227\154\325\116\313\176\315}{}% 2
\BOOKMARK [2][-]{subsection.2.1}{\376\377\166\364\176\277}{section.2}% 3
\BOOKMARK [3][-]{subsubsection.2.1.1}{\376\377\000D\000D\000A\173\227\154\325}{subsection.2.1}% 4
\BOOKMARK [3][-]{subsubsection.2.1.2}{\376\377\000B\000r\000e\000s\000e\000n\000h\000a\000m\173\227\154\325}{subsection.2.1}% 5
\BOOKMARK [3][-]{subsubsection.2.1.3}{\376\377\133\371\153\324\122\006\147\220}{subsection.2.1}% 6
\BOOKMARK [2][-]{subsection.2.2}{\376\377\131\032\217\271\137\142}{section.2}% 7
\BOOKMARK [2][-]{subsection.2.3}{\376\377\151\055\127\006}{section.2}% 8
\BOOKMARK [3][-]{subsubsection.2.3.1}{\376\377\116\055\160\271\127\006\165\037\142\020\173\227\154\325}{subsection.2.3}% 9
\BOOKMARK [2][-]{subsection.2.4}{\376\377\146\362\176\277}{section.2}% 10
\BOOKMARK [3][-]{subsubsection.2.4.1}{\376\377\000B\000e\000z\000i\000e\000r\173\227\154\325}{subsection.2.4}% 11
\BOOKMARK [3][-]{subsubsection.2.4.2}{\376\377\000B\000-\000s\000p\000l\000i\000n\000e\173\227\154\325}{subsection.2.4}% 12
\BOOKMARK [2][-]{subsection.2.5}{\376\377\136\163\171\373\123\330\143\142}{section.2}% 13
\BOOKMARK [2][-]{subsection.2.6}{\376\377\145\313\217\154\123\330\143\142\377\010\226\144\151\055\127\006\131\026\377\011}{section.2}% 14
\BOOKMARK [2][-]{subsection.2.7}{\376\377\177\051\145\076\123\330\143\142}{section.2}% 15
\BOOKMARK [2][-]{subsection.2.8}{\376\377\176\277\153\265\210\301\122\152}{section.2}% 16
\BOOKMARK [3][-]{subsubsection.2.8.1}{\376\377\000C\000o\000h\000e\000n\000-\000S\000u\000t\000h\000e\000r\000l\000a\000n\000d\173\227\154\325}{subsection.2.8}% 17
\BOOKMARK [3][-]{subsubsection.2.8.2}{\376\377\000L\000i\000a\000n\000g\000-\000B\000a\000r\000s\000k\000y\173\227\154\325}{subsection.2.8}% 18
\BOOKMARK [1][-]{section.3}{\376\377\174\373\176\337\116\313\176\315}{}% 19
\BOOKMARK [2][-]{subsection.3.1}{\376\377\150\070\137\303\173\227\154\325\152\041\127\127}{section.3}% 20
\BOOKMARK [2][-]{subsection.3.2}{\376\377\124\175\116\344\210\114\165\114\227\142\377\010\000C\000L\000I\377\011\172\013\136\217}{section.3}% 21
\BOOKMARK [3][-]{subsubsection.3.2.1}{\376\377\145\160\143\156\176\323\147\204}{subsection.3.2}% 22
\BOOKMARK [3][-]{subsubsection.3.2.2}{\376\377\213\276\213\241\140\035\215\357}{subsection.3.2}% 23
\BOOKMARK [1][-]{section.4}{\376\377\140\073\176\323}{}% 24
